<?xml version="1.0" encoding="UTF-8"?>
<testng-results ignored="0" total="1" passed="1" failed="0" skipped="0">
  <reporter-output>
  </reporter-output>
  <suite started-at="2024-07-30T17:58:35 IST" name="Default suite" finished-at="2024-07-30T17:58:38 IST" duration-ms="2849">
    <groups>
    </groups>
    <test started-at="2024-07-30T17:58:35 IST" name="Default test" finished-at="2024-07-30T17:58:38 IST" duration-ms="2849">
      <class name="org.NewsAPIs.GetArticleAPITest">
        <test-method signature="getArticleAPITest()[pri:0, instance:org.NewsAPIs.GetArticleAPITest@5acf93bb]" started-at="2024-07-30T17:58:35 IST" name="getArticleAPITest" finished-at="2024-07-30T17:58:38 IST" duration-ms="2799" status="PASS">
          <reporter-output>
          </reporter-output>
        </test-method> <!-- getArticleAPITest -->
      </class> <!-- org.NewsAPIs.GetArticleAPITest -->
    </test> <!-- Default test -->
  </suite> <!-- Default suite -->
</testng-results>
